<?xml version="1.0" encoding="UTF-8"?>
<!-- Generated by org.testng.reporters.JUnitReportReporter -->
<testsuite skipped="0" hostname="saidinesh-mbp" name="GiveIndia.pdflinks" tests="2" failures="0" timestamp="19 Sep 2019 12:35:02 GMT" time="7.454" errors="0">
  <testcase name="GetPdfUrl" time="4.035" classname="GiveIndia.pdflinks"/>
  <testcase name="search" time="3.419" classname="GiveIndia.pdflinks"/>
</testsuite> <!-- GiveIndia.pdflinks -->
