<?xml version="1.0" encoding="UTF-8"?>
<!-- Generated by org.testng.reporters.JUnitReportReporter -->
<testsuite skipped="0" hostname="saidinesh-mbp" name="GiveIndia.GetUrl" tests="1" failures="0" timestamp="19 Sep 2019 12:35:02 GMT" time="1.823" errors="0">
  <testcase name="Url" time="1.823" classname="GiveIndia.GetUrl"/>
</testsuite> <!-- GiveIndia.GetUrl -->
