<?xml version="1.0" encoding="UTF-8"?>
<!-- Generated by org.testng.reporters.JUnitReportReporter -->
<testsuite skipped="0" hostname="saidinesh-mbp" name="GiveIndia.Pagevalidation" tests="4" failures="0" timestamp="19 Sep 2019 12:35:02 GMT" time="9.869" errors="0">
  <testcase name="TitleValidation" time="0.010" classname="GiveIndia.Pagevalidation"/>
  <testcase name="ExternallinksValidation" time="5.192" classname="GiveIndia.Pagevalidation"/>
  <testcase name="OxygenlinksValidation" time="3.942" classname="GiveIndia.Pagevalidation"/>
  <testcase name="Oxygenlinksfeaturedarticle" time="0.725" classname="GiveIndia.Pagevalidation"/>
</testsuite> <!-- GiveIndia.Pagevalidation -->
